2019/03/12 22:54:10 [info] 4110: 监听80端口成功!
2019/03/12 22:54:10 [notice] 4111: master process ./nginx 4111 【master进程】启动并开始运行......!
2019/03/12 22:54:11 [notice] 4112: worker process 4112 【worker进程】启动并开始运行......!
2019/03/12 22:54:18 [stderr] 4112: nginx: ------------------------------------begin--------------------------------------
2019/03/12 22:54:18 [stderr] 4112: nginx: 当前在线人数/总人数(1/2048)。
2019/03/12 22:54:18 [stderr] 4112: nginx: 连接池中空闲连接/总连接/要释放的连接(2046/2048/0)。
2019/03/12 22:54:18 [stderr] 4112: nginx: 当前时间队列大小(1)。
2019/03/12 22:54:18 [stderr] 4112: nginx: 当前收消息队列/发消息队列大小分别为(0/0)，丢弃的待发送数据包数量为0。
2019/03/12 22:54:18 [stderr] 4112: nginx: -------------------------------------end---------------------------------------
2019/03/12 22:54:29 [stderr] 4112: nginx: ------------------------------------begin--------------------------------------
2019/03/12 22:54:29 [stderr] 4112: nginx: 当前在线人数/总人数(1018/2048)。
2019/03/12 22:54:29 [stderr] 4112: nginx: 连接池中空闲连接/总连接/要释放的连接(988/2048/41)。
2019/03/12 22:54:29 [stderr] 4112: nginx: 当前时间队列大小(1018)。
2019/03/12 22:54:29 [stderr] 4112: nginx: 当前收消息队列/发消息队列大小分别为(0/0)，丢弃的待发送数据包数量为0。
2019/03/12 22:54:29 [stderr] 4112: nginx: -------------------------------------end---------------------------------------
2019/03/12 22:54:40 [stderr] 4112: nginx: ------------------------------------begin--------------------------------------
2019/03/12 22:54:40 [stderr] 4112: nginx: 当前在线人数/总人数(1018/2048)。
2019/03/12 22:54:40 [stderr] 4112: nginx: 连接池中空闲连接/总连接/要释放的连接(988/2048/41)。
2019/03/12 22:54:40 [stderr] 4112: nginx: 当前时间队列大小(1018)。
2019/03/12 22:54:40 [stderr] 4112: nginx: 当前收消息队列/发消息队列大小分别为(0/0)，丢弃的待发送数据包数量为0。
2019/03/12 22:54:40 [stderr] 4112: nginx: -------------------------------------end---------------------------------------
2019/03/12 22:54:51 [stderr] 4112: nginx: ------------------------------------begin--------------------------------------
2019/03/12 22:54:51 [stderr] 4112: nginx: 当前在线人数/总人数(1018/2048)。
2019/03/12 22:54:51 [stderr] 4112: nginx: 连接池中空闲连接/总连接/要释放的连接(968/2048/61)。
2019/03/12 22:54:51 [stderr] 4112: nginx: 当前时间队列大小(1018)。
2019/03/12 22:54:51 [stderr] 4112: nginx: 当前收消息队列/发消息队列大小分别为(0/0)，丢弃的待发送数据包数量为0。
2019/03/12 22:54:51 [stderr] 4112: nginx: -------------------------------------end---------------------------------------
2019/03/12 22:55:02 [stderr] 4112: nginx: ------------------------------------begin--------------------------------------
2019/03/12 22:55:02 [stderr] 4112: nginx: 当前在线人数/总人数(1018/2048)。
2019/03/12 22:55:02 [stderr] 4112: nginx: 连接池中空闲连接/总连接/要释放的连接(960/2048/69)。
2019/03/12 22:55:02 [stderr] 4112: nginx: 当前时间队列大小(1018)。
2019/03/12 22:55:02 [stderr] 4112: nginx: 当前收消息队列/发消息队列大小分别为(0/0)，丢弃的待发送数据包数量为0。
2019/03/12 22:55:02 [stderr] 4112: nginx: -------------------------------------end---------------------------------------
2019/03/12 22:55:13 [stderr] 4112: nginx: ------------------------------------begin--------------------------------------
2019/03/12 22:55:13 [stderr] 4112: nginx: 当前在线人数/总人数(1018/2048)。
2019/03/12 22:55:13 [stderr] 4112: nginx: 连接池中空闲连接/总连接/要释放的连接(947/2048/82)。
2019/03/12 22:55:13 [stderr] 4112: nginx: 当前时间队列大小(1018)。
2019/03/12 22:55:13 [stderr] 4112: nginx: 当前收消息队列/发消息队列大小分别为(0/0)，丢弃的待发送数据包数量为0。
2019/03/12 22:55:13 [stderr] 4112: nginx: -------------------------------------end---------------------------------------
2019/03/12 22:55:24 [stderr] 4112: nginx: ------------------------------------begin--------------------------------------
2019/03/12 22:55:24 [stderr] 4112: nginx: 当前在线人数/总人数(1018/2048)。
2019/03/12 22:55:24 [stderr] 4112: nginx: 连接池中空闲连接/总连接/要释放的连接(939/2048/90)。
2019/03/12 22:55:24 [stderr] 4112: nginx: 当前时间队列大小(1018)。
2019/03/12 22:55:24 [stderr] 4112: nginx: 当前收消息队列/发消息队列大小分别为(0/0)，丢弃的待发送数据包数量为0。
2019/03/12 22:55:24 [stderr] 4112: nginx: -------------------------------------end---------------------------------------
2019/03/12 22:55:35 [stderr] 4112: nginx: ------------------------------------begin--------------------------------------
2019/03/12 22:55:35 [stderr] 4112: nginx: 当前在线人数/总人数(1018/2048)。
2019/03/12 22:55:35 [stderr] 4112: nginx: 连接池中空闲连接/总连接/要释放的连接(935/2048/94)。
2019/03/12 22:55:35 [stderr] 4112: nginx: 当前时间队列大小(1018)。
2019/03/12 22:55:35 [stderr] 4112: nginx: 当前收消息队列/发消息队列大小分别为(0/0)，丢弃的待发送数据包数量为0。
2019/03/12 22:55:35 [stderr] 4112: nginx: -------------------------------------end---------------------------------------
2019/03/12 22:55:46 [stderr] 4112: nginx: ------------------------------------begin--------------------------------------
2019/03/12 22:55:46 [stderr] 4112: nginx: 当前在线人数/总人数(1018/2048)。
2019/03/12 22:55:46 [stderr] 4112: nginx: 连接池中空闲连接/总连接/要释放的连接(0/2101/1082)。
2019/03/12 22:55:46 [stderr] 4112: nginx: 当前时间队列大小(1018)。
2019/03/12 22:55:46 [stderr] 4112: nginx: 当前收消息队列/发消息队列大小分别为(0/0)，丢弃的待发送数据包数量为0。
2019/03/12 22:55:46 [stderr] 4112: nginx: -------------------------------------end---------------------------------------
2019/03/12 22:55:57 [stderr] 4112: nginx: ------------------------------------begin--------------------------------------
2019/03/12 22:55:57 [stderr] 4112: nginx: 当前在线人数/总人数(1018/2048)。
2019/03/12 22:55:57 [stderr] 4112: nginx: 连接池中空闲连接/总连接/要释放的连接(0/2135/1116)。
2019/03/12 22:55:57 [stderr] 4112: nginx: 当前时间队列大小(1018)。
2019/03/12 22:55:57 [stderr] 4112: nginx: 当前收消息队列/发消息队列大小分别为(0/0)，丢弃的待发送数据包数量为0。
2019/03/12 22:55:57 [stderr] 4112: nginx: -------------------------------------end---------------------------------------
2019/03/12 22:56:08 [stderr] 4112: nginx: ------------------------------------begin--------------------------------------
2019/03/12 22:56:08 [stderr] 4112: nginx: 当前在线人数/总人数(1018/2048)。
2019/03/12 22:56:08 [stderr] 4112: nginx: 连接池中空闲连接/总连接/要释放的连接(0/2220/1201)。
2019/03/12 22:56:08 [stderr] 4112: nginx: 当前时间队列大小(1018)。
2019/03/12 22:56:08 [stderr] 4112: nginx: 当前收消息队列/发消息队列大小分别为(0/0)，丢弃的待发送数据包数量为0。
2019/03/12 22:56:08 [stderr] 4112: nginx: -------------------------------------end---------------------------------------
2019/03/12 22:56:19 [stderr] 4112: nginx: ------------------------------------begin--------------------------------------
2019/03/12 22:56:19 [stderr] 4112: nginx: 当前在线人数/总人数(1018/2048)。
2019/03/12 22:56:19 [stderr] 4112: nginx: 连接池中空闲连接/总连接/要释放的连接(0/2241/1222)。
2019/03/12 22:56:19 [stderr] 4112: nginx: 当前时间队列大小(1018)。
2019/03/12 22:56:19 [stderr] 4112: nginx: 当前收消息队列/发消息队列大小分别为(0/0)，丢弃的待发送数据包数量为0。
2019/03/12 22:56:19 [stderr] 4112: nginx: -------------------------------------end---------------------------------------
2019/03/12 22:56:30 [stderr] 4112: nginx: ------------------------------------begin--------------------------------------
2019/03/12 22:56:30 [stderr] 4112: nginx: 当前在线人数/总人数(1018/2048)。
2019/03/12 22:56:30 [stderr] 4112: nginx: 连接池中空闲连接/总连接/要释放的连接(0/2350/1331)。
2019/03/12 22:56:30 [stderr] 4112: nginx: 当前时间队列大小(1018)。
2019/03/12 22:56:30 [stderr] 4112: nginx: 当前收消息队列/发消息队列大小分别为(0/0)，丢弃的待发送数据包数量为0。
2019/03/12 22:56:30 [stderr] 4112: nginx: -------------------------------------end---------------------------------------
2019/03/12 22:56:41 [stderr] 4112: nginx: ------------------------------------begin--------------------------------------
2019/03/12 22:56:41 [stderr] 4112: nginx: 当前在线人数/总人数(1018/2048)。
2019/03/12 22:56:41 [stderr] 4112: nginx: 连接池中空闲连接/总连接/要释放的连接(0/2392/1373)。
2019/03/12 22:56:41 [stderr] 4112: nginx: 当前时间队列大小(1018)。
2019/03/12 22:56:41 [stderr] 4112: nginx: 当前收消息队列/发消息队列大小分别为(0/0)，丢弃的待发送数据包数量为0。
2019/03/12 22:56:41 [stderr] 4112: nginx: -------------------------------------end---------------------------------------
2019/03/12 22:56:52 [stderr] 4112: nginx: ------------------------------------begin--------------------------------------
2019/03/12 22:56:52 [stderr] 4112: nginx: 当前在线人数/总人数(1018/2048)。
2019/03/12 22:56:52 [stderr] 4112: nginx: 连接池中空闲连接/总连接/要释放的连接(27/2484/1438)。
2019/03/12 22:56:52 [stderr] 4112: nginx: 当前时间队列大小(1018)。
2019/03/12 22:56:52 [stderr] 4112: nginx: 当前收消息队列/发消息队列大小分别为(0/0)，丢弃的待发送数据包数量为0。
2019/03/12 22:56:52 [stderr] 4112: nginx: -------------------------------------end---------------------------------------
2019/03/12 22:57:03 [stderr] 4112: nginx: ------------------------------------begin--------------------------------------
2019/03/12 22:57:03 [stderr] 4112: nginx: 当前在线人数/总人数(1018/2048)。
2019/03/12 22:57:03 [stderr] 4112: nginx: 连接池中空闲连接/总连接/要释放的连接(25/2484/1440)。
2019/03/12 22:57:03 [stderr] 4112: nginx: 当前时间队列大小(1018)。
2019/03/12 22:57:03 [stderr] 4112: nginx: 当前收消息队列/发消息队列大小分别为(0/0)，丢弃的待发送数据包数量为0。
2019/03/12 22:57:03 [stderr] 4112: nginx: -------------------------------------end---------------------------------------
2019/03/12 22:57:14 [stderr] 4112: nginx: ------------------------------------begin--------------------------------------
2019/03/12 22:57:14 [stderr] 4112: nginx: 当前在线人数/总人数(1018/2048)。
2019/03/12 22:57:14 [stderr] 4112: nginx: 连接池中空闲连接/总连接/要释放的连接(5/3457/2433)。
2019/03/12 22:57:14 [stderr] 4112: nginx: 当前时间队列大小(1018)。
2019/03/12 22:57:14 [stderr] 4112: nginx: 当前收消息队列/发消息队列大小分别为(0/0)，丢弃的待发送数据包数量为0。
2019/03/12 22:57:14 [stderr] 4112: nginx: -------------------------------------end---------------------------------------
2019/03/12 22:57:25 [stderr] 4112: nginx: ------------------------------------begin--------------------------------------
2019/03/12 22:57:25 [stderr] 4112: nginx: 当前在线人数/总人数(1018/2048)。
2019/03/12 22:57:25 [stderr] 4112: nginx: 连接池中空闲连接/总连接/要释放的连接(0/3480/2461)。
2019/03/12 22:57:25 [stderr] 4112: nginx: 当前时间队列大小(1018)。
2019/03/12 22:57:25 [stderr] 4112: nginx: 当前收消息队列/发消息队列大小分别为(0/0)，丢弃的待发送数据包数量为0。
2019/03/12 22:57:25 [stderr] 4112: nginx: -------------------------------------end---------------------------------------
2019/03/12 22:57:36 [stderr] 4112: nginx: ------------------------------------begin--------------------------------------
2019/03/12 22:57:36 [stderr] 4112: nginx: 当前在线人数/总人数(1018/2048)。
2019/03/12 22:57:36 [stderr] 4112: nginx: 连接池中空闲连接/总连接/要释放的连接(0/3543/2524)。
2019/03/12 22:57:36 [stderr] 4112: nginx: 当前时间队列大小(1018)。
2019/03/12 22:57:36 [stderr] 4112: nginx: 当前收消息队列/发消息队列大小分别为(0/0)，丢弃的待发送数据包数量为0。
2019/03/12 22:57:36 [stderr] 4112: nginx: -------------------------------------end---------------------------------------
2019/03/12 22:57:47 [stderr] 4112: nginx: ------------------------------------begin--------------------------------------
2019/03/12 22:57:47 [stderr] 4112: nginx: 当前在线人数/总人数(1018/2048)。
2019/03/12 22:57:47 [stderr] 4112: nginx: 连接池中空闲连接/总连接/要释放的连接(12/3543/2512)。
2019/03/12 22:57:47 [stderr] 4112: nginx: 当前时间队列大小(1018)。
2019/03/12 22:57:47 [stderr] 4112: nginx: 当前收消息队列/发消息队列大小分别为(0/0)，丢弃的待发送数据包数量为0。
2019/03/12 22:57:47 [stderr] 4112: nginx: -------------------------------------end---------------------------------------
2019/03/12 22:57:58 [stderr] 4112: nginx: ------------------------------------begin--------------------------------------
2019/03/12 22:57:58 [stderr] 4112: nginx: 当前在线人数/总人数(1018/2048)。
2019/03/12 22:57:58 [stderr] 4112: nginx: 连接池中空闲连接/总连接/要释放的连接(4/3633/2610)。
2019/03/12 22:57:58 [stderr] 4112: nginx: 当前时间队列大小(1018)。
2019/03/12 22:57:58 [stderr] 4112: nginx: 当前收消息队列/发消息队列大小分别为(0/0)，丢弃的待发送数据包数量为0。
2019/03/12 22:57:58 [stderr] 4112: nginx: -------------------------------------end---------------------------------------
2019/03/12 22:58:09 [stderr] 4112: nginx: ------------------------------------begin--------------------------------------
2019/03/12 22:58:09 [stderr] 4112: nginx: 当前在线人数/总人数(1018/2048)。
2019/03/12 22:58:09 [stderr] 4112: nginx: 连接池中空闲连接/总连接/要释放的连接(0/3638/2619)。
2019/03/12 22:58:09 [stderr] 4112: nginx: 当前时间队列大小(1018)。
2019/03/12 22:58:09 [stderr] 4112: nginx: 当前收消息队列/发消息队列大小分别为(0/0)，丢弃的待发送数据包数量为0。
2019/03/12 22:58:09 [stderr] 4112: nginx: -------------------------------------end---------------------------------------
2019/03/12 22:58:20 [stderr] 4112: nginx: ------------------------------------begin--------------------------------------
2019/03/12 22:58:20 [stderr] 4112: nginx: 当前在线人数/总人数(1018/2048)。
2019/03/12 22:58:20 [stderr] 4112: nginx: 连接池中空闲连接/总连接/要释放的连接(1002/3732/1711)。
2019/03/12 22:58:20 [stderr] 4112: nginx: 当前时间队列大小(1018)。
2019/03/12 22:58:20 [stderr] 4112: nginx: 当前收消息队列/发消息队列大小分别为(0/0)，丢弃的待发送数据包数量为0。
2019/03/12 22:58:20 [stderr] 4112: nginx: -------------------------------------end---------------------------------------
2019/03/12 22:58:31 [stderr] 4112: nginx: ------------------------------------begin--------------------------------------
2019/03/12 22:58:31 [stderr] 4112: nginx: 当前在线人数/总人数(915/2048)。
2019/03/12 22:58:31 [stderr] 4112: nginx: 连接池中空闲连接/总连接/要释放的连接(879/3732/1937)。
2019/03/12 22:58:31 [stderr] 4112: nginx: 当前时间队列大小(915)。
2019/03/12 22:58:31 [stderr] 4112: nginx: 当前收消息队列/发消息队列大小分别为(0/0)，丢弃的待发送数据包数量为0。
2019/03/12 22:58:31 [stderr] 4112: nginx: -------------------------------------end---------------------------------------
2019/03/12 23:08:52 [stderr] 4112: nginx: ------------------------------------begin--------------------------------------
2019/03/12 23:08:52 [stderr] 4112: nginx: 当前在线人数/总人数(1/2048)。
2019/03/12 23:08:52 [stderr] 4112: nginx: 连接池中空闲连接/总连接/要释放的连接(3730/3732/0)。
2019/03/12 23:08:52 [stderr] 4112: nginx: 当前时间队列大小(1)。
2019/03/12 23:08:52 [stderr] 4112: nginx: 当前收消息队列/发消息队列大小分别为(0/0)，丢弃的待发送数据包数量为0。
2019/03/12 23:08:52 [stderr] 4112: nginx: -------------------------------------end---------------------------------------
2019/03/12 23:09:03 [stderr] 4112: nginx: ------------------------------------begin--------------------------------------
2019/03/12 23:09:03 [stderr] 4112: nginx: 当前在线人数/总人数(1018/2048)。
2019/03/12 23:09:03 [stderr] 4112: nginx: 连接池中空闲连接/总连接/要释放的连接(2536/3732/177)。
2019/03/12 23:09:03 [stderr] 4112: nginx: 当前时间队列大小(1018)。
2019/03/12 23:09:03 [stderr] 4112: nginx: 当前收消息队列/发消息队列大小分别为(0/0)，丢弃的待发送数据包数量为0。
2019/03/12 23:09:03 [stderr] 4112: nginx: -------------------------------------end---------------------------------------
2019/03/12 23:09:14 [stderr] 4112: nginx: ------------------------------------begin--------------------------------------
2019/03/12 23:09:14 [stderr] 4112: nginx: 当前在线人数/总人数(1018/2048)。
2019/03/12 23:09:14 [stderr] 4112: nginx: 连接池中空闲连接/总连接/要释放的连接(2532/3732/181)。
2019/03/12 23:09:14 [stderr] 4112: nginx: 当前时间队列大小(1018)。
2019/03/12 23:09:14 [stderr] 4112: nginx: 当前收消息队列/发消息队列大小分别为(0/0)，丢弃的待发送数据包数量为0。
2019/03/12 23:09:14 [stderr] 4112: nginx: -------------------------------------end---------------------------------------
2019/03/12 23:09:25 [stderr] 4112: nginx: ------------------------------------begin--------------------------------------
2019/03/12 23:09:25 [stderr] 4112: nginx: 当前在线人数/总人数(1018/2048)。
2019/03/12 23:09:25 [stderr] 4112: nginx: 连接池中空闲连接/总连接/要释放的连接(2532/3732/181)。
2019/03/12 23:09:25 [stderr] 4112: nginx: 当前时间队列大小(1018)。
2019/03/12 23:09:25 [stderr] 4112: nginx: 当前收消息队列/发消息队列大小分别为(0/0)，丢弃的待发送数据包数量为0。
2019/03/12 23:09:25 [stderr] 4112: nginx: -------------------------------------end---------------------------------------
2019/03/12 23:09:36 [stderr] 4112: nginx: ------------------------------------begin--------------------------------------
2019/03/12 23:09:36 [stderr] 4112: nginx: 当前在线人数/总人数(1018/2048)。
2019/03/12 23:09:36 [stderr] 4112: nginx: 连接池中空闲连接/总连接/要释放的连接(2532/3732/181)。
2019/03/12 23:09:36 [stderr] 4112: nginx: 当前时间队列大小(1018)。
2019/03/12 23:09:36 [stderr] 4112: nginx: 当前收消息队列/发消息队列大小分别为(0/0)，丢弃的待发送数据包数量为0。
2019/03/12 23:09:36 [stderr] 4112: nginx: -------------------------------------end---------------------------------------
2019/03/12 23:09:47 [stderr] 4112: nginx: ------------------------------------begin--------------------------------------
2019/03/12 23:09:47 [stderr] 4112: nginx: 当前在线人数/总人数(1018/2048)。
2019/03/12 23:09:47 [stderr] 4112: nginx: 连接池中空闲连接/总连接/要释放的连接(2532/3732/181)。
2019/03/12 23:09:47 [stderr] 4112: nginx: 当前时间队列大小(1018)。
2019/03/12 23:09:47 [stderr] 4112: nginx: 当前收消息队列/发消息队列大小分别为(0/0)，丢弃的待发送数据包数量为0。
2019/03/12 23:09:47 [stderr] 4112: nginx: -------------------------------------end---------------------------------------
2019/03/12 23:09:58 [stderr] 4112: nginx: ------------------------------------begin--------------------------------------
2019/03/12 23:09:58 [stderr] 4112: nginx: 当前在线人数/总人数(1018/2048)。
2019/03/12 23:09:58 [stderr] 4112: nginx: 连接池中空闲连接/总连接/要释放的连接(2532/3732/181)。
2019/03/12 23:09:58 [stderr] 4112: nginx: 当前时间队列大小(1018)。
2019/03/12 23:09:58 [stderr] 4112: nginx: 当前收消息队列/发消息队列大小分别为(0/0)，丢弃的待发送数据包数量为0。
2019/03/12 23:09:58 [stderr] 4112: nginx: -------------------------------------end---------------------------------------
2019/03/12 23:10:09 [stderr] 4112: nginx: ------------------------------------begin--------------------------------------
2019/03/12 23:10:09 [stderr] 4112: nginx: 当前在线人数/总人数(1018/2048)。
2019/03/12 23:10:09 [stderr] 4112: nginx: 连接池中空闲连接/总连接/要释放的连接(2532/3732/181)。
2019/03/12 23:10:09 [stderr] 4112: nginx: 当前时间队列大小(1018)。
2019/03/12 23:10:09 [stderr] 4112: nginx: 当前收消息队列/发消息队列大小分别为(0/0)，丢弃的待发送数据包数量为0。
2019/03/12 23:10:09 [stderr] 4112: nginx: -------------------------------------end---------------------------------------
2019/03/12 23:10:20 [stderr] 4112: nginx: ------------------------------------begin--------------------------------------
2019/03/12 23:10:20 [stderr] 4112: nginx: 当前在线人数/总人数(355/2048)。
2019/03/12 23:10:20 [stderr] 4112: nginx: 连接池中空闲连接/总连接/要释放的连接(2139/3732/1237)。
2019/03/12 23:10:20 [stderr] 4112: nginx: 当前时间队列大小(355)。
2019/03/12 23:10:20 [stderr] 4112: nginx: 当前收消息队列/发消息队列大小分别为(0/0)，丢弃的待发送数据包数量为0。
2019/03/12 23:10:20 [stderr] 4112: nginx: -------------------------------------end---------------------------------------
